<?xml version="1.0" encoding="UTF-8"?>
<coverage generated="1678900288429" clover="3.2.0">
  <project timestamp="1678900288429" name="All files">
    <metrics statements="32" coveredstatements="31" conditionals="6" coveredconditionals="6" methods="11" coveredmethods="10" elements="49" coveredelements="47" complexity="0" loc="32" ncloc="32" packages="1" files="1" classes="1"/>
    <file name="index.ts" path="D:\workspace\mini-vue\src\reactive\index.ts">
      <metrics statements="32" coveredstatements="31" conditionals="6" coveredconditionals="6" methods="11" coveredmethods="10"/>
      <line num="5" count="2" type="stmt"/>
      <line num="8" count="3" type="stmt"/>
      <line num="9" count="3" type="stmt"/>
      <line num="10" count="3" type="stmt"/>
      <line num="11" count="3" type="stmt"/>
      <line num="18" count="2" type="stmt"/>
      <line num="22" count="3" type="cond" truecount="2" falsecount="0"/>
      <line num="23" count="2" type="stmt"/>
      <line num="28" count="2" type="stmt"/>
      <line num="29" count="0" type="stmt"/>
      <line num="34" count="1" type="stmt"/>
      <line num="37" count="5" type="stmt"/>
      <line num="38" count="5" type="cond" truecount="2" falsecount="0"/>
      <line num="39" count="2" type="stmt"/>
      <line num="40" count="2" type="stmt"/>
      <line num="42" count="5" type="stmt"/>
      <line num="43" count="5" type="cond" truecount="2" falsecount="0"/>
      <line num="44" count="2" type="stmt"/>
      <line num="45" count="2" type="stmt"/>
      <line num="47" count="5" type="stmt"/>
      <line num="49" count="1" type="stmt"/>
      <line num="52" count="3" type="stmt"/>
      <line num="53" count="3" type="stmt"/>
      <line num="54" count="3" type="stmt"/>
      <line num="57" count="2" type="stmt"/>
      <line num="59" count="2" type="stmt"/>
      <line num="60" count="2" type="stmt"/>
      <line num="61" count="2" type="stmt"/>
      <line num="65" count="2" type="stmt"/>
      <line num="69" count="2" type="stmt"/>
      <line num="70" count="2" type="stmt"/>
      <line num="71" count="2" type="stmt"/>
    </file>
  </project>
</coverage>
