{"D:\\workspace\\mini-vue\\src\\reactive\\index.ts": {"path":"D:\\workspace\\mini-vue\\src\\reactive\\index.ts","statementMap":{"0":{"start":{"line":5,"column":8},"end":{"line":5,"column":21}},"1":{"start":{"line":8,"column":8},"end":{"line":8,"column":28}},"2":{"start":{"line":9,"column":21},"end":{"line":9,"column":31}},"3":{"start":{"line":10,"column":8},"end":{"line":10,"column":28}},"4":{"start":{"line":11,"column":8},"end":{"line":11,"column":22}},"5":{"start":{"line":18,"column":8},"end":{"line":18,"column":39}},"6":{"start":{"line":22,"column":8},"end":{"line":24,"column":9}},"7":{"start":{"line":23,"column":12},"end":{"line":23,"column":48}},"8":{"start":{"line":28,"column":8},"end":{"line":30,"column":10}},"9":{"start":{"line":29,"column":12},"end":{"line":29,"column":22}},"10":{"start":{"line":34,"column":21},"end":{"line":34,"column":34}},"11":{"start":{"line":37,"column":17},"end":{"line":37,"column":41}},"12":{"start":{"line":38,"column":4},"end":{"line":41,"column":5}},"13":{"start":{"line":39,"column":8},"end":{"line":39,"column":26}},"14":{"start":{"line":40,"column":8},"end":{"line":40,"column":39}},"15":{"start":{"line":42,"column":14},"end":{"line":42,"column":29}},"16":{"start":{"line":43,"column":4},"end":{"line":46,"column":5}},"17":{"start":{"line":44,"column":8},"end":{"line":44,"column":23}},"18":{"start":{"line":45,"column":8},"end":{"line":45,"column":27}},"19":{"start":{"line":47,"column":4},"end":{"line":47,"column":15}},"20":{"start":{"line":49,"column":23},"end":{"line":63,"column":1}},"21":{"start":{"line":52,"column":20},"end":{"line":52,"column":38}},"22":{"start":{"line":53,"column":8},"end":{"line":53,"column":19}},"23":{"start":{"line":54,"column":8},"end":{"line":54,"column":47}},"24":{"start":{"line":57,"column":18},"end":{"line":57,"column":56}},"25":{"start":{"line":59,"column":20},"end":{"line":59,"column":38}},"26":{"start":{"line":60,"column":8},"end":{"line":60,"column":21}},"27":{"start":{"line":61,"column":8},"end":{"line":61,"column":19}},"28":{"start":{"line":65,"column":2},"end":{"line":65,"column":38}},"29":{"start":{"line":69,"column":20},"end":{"line":69,"column":42}},"30":{"start":{"line":70,"column":4},"end":{"line":70,"column":18}},"31":{"start":{"line":71,"column":4},"end":{"line":71,"column":37}}},"fnMap":{"0":{"name":"(anonymous_0)","decl":{"start":{"line":4,"column":4},"end":{"line":4,"column":5}},"loc":{"start":{"line":4,"column":19},"end":{"line":6,"column":5}},"line":4},"1":{"name":"(anonymous_1)","decl":{"start":{"line":7,"column":4},"end":{"line":7,"column":5}},"loc":{"start":{"line":7,"column":9},"end":{"line":12,"column":5}},"line":7},"2":{"name":"(anonymous_2)","decl":{"start":{"line":17,"column":4},"end":{"line":17,"column":5}},"loc":{"start":{"line":17,"column":17},"end":{"line":19,"column":5}},"line":17},"3":{"name":"(anonymous_3)","decl":{"start":{"line":21,"column":4},"end":{"line":21,"column":5}},"loc":{"start":{"line":21,"column":11},"end":{"line":25,"column":5}},"line":21},"4":{"name":"(anonymous_4)","decl":{"start":{"line":27,"column":4},"end":{"line":27,"column":5}},"loc":{"start":{"line":27,"column":13},"end":{"line":31,"column":5}},"line":27},"5":{"name":"(anonymous_5)","decl":{"start":{"line":28,"column":35},"end":{"line":28,"column":36}},"loc":{"start":{"line":28,"column":42},"end":{"line":30,"column":9}},"line":28},"6":{"name":"getDep","decl":{"start":{"line":36,"column":9},"end":{"line":36,"column":15}},"loc":{"start":{"line":36,"column":27},"end":{"line":48,"column":1}},"line":36},"7":{"name":"(anonymous_7)","decl":{"start":{"line":50,"column":4},"end":{"line":50,"column":5}},"loc":{"start":{"line":50,"column":28},"end":{"line":55,"column":5}},"line":50},"8":{"name":"(anonymous_8)","decl":{"start":{"line":56,"column":4},"end":{"line":56,"column":5}},"loc":{"start":{"line":56,"column":34},"end":{"line":62,"column":5}},"line":56},"9":{"name":"reactive","decl":{"start":{"line":64,"column":16},"end":{"line":64,"column":24}},"loc":{"start":{"line":64,"column":29},"end":{"line":66,"column":1}},"line":64},"10":{"name":"effect","decl":{"start":{"line":68,"column":16},"end":{"line":68,"column":22}},"loc":{"start":{"line":68,"column":26},"end":{"line":72,"column":1}},"line":68}},"branchMap":{"0":{"loc":{"start":{"line":22,"column":8},"end":{"line":24,"column":9}},"type":"if","locations":[{"start":{"line":22,"column":8},"end":{"line":24,"column":9}},{"start":{},"end":{}}],"line":22},"1":{"loc":{"start":{"line":38,"column":4},"end":{"line":41,"column":5}},"type":"if","locations":[{"start":{"line":38,"column":4},"end":{"line":41,"column":5}},{"start":{},"end":{}}],"line":38},"2":{"loc":{"start":{"line":43,"column":4},"end":{"line":46,"column":5}},"type":"if","locations":[{"start":{"line":43,"column":4},"end":{"line":46,"column":5}},{"start":{},"end":{}}],"line":43}},"s":{"0":2,"1":3,"2":3,"3":3,"4":3,"5":2,"6":3,"7":2,"8":2,"9":0,"10":1,"11":5,"12":5,"13":2,"14":2,"15":5,"16":5,"17":2,"18":2,"19":5,"20":1,"21":3,"22":3,"23":3,"24":2,"25":2,"26":2,"27":2,"28":2,"29":2,"30":2,"31":2},"f":{"0":2,"1":3,"2":2,"3":3,"4":2,"5":0,"6":5,"7":3,"8":2,"9":2,"10":2},"b":{"0":[2,1],"1":[2,3],"2":[2,3]},"_coverageSchema":"1a1c01bbd47fc00a2c39e90264f33305004495a9","hash":"7fdd7cd1a5a33652788ac69eb5e5849c0868f51b"}
}
