TN:
SF:src\reactive\index.ts
FN:4,(anonymous_0)
FN:7,(anonymous_1)
FN:17,(anonymous_2)
FN:21,(anonymous_3)
FN:27,(anonymous_4)
FN:28,(anonymous_5)
FN:36,getDep
FN:50,(anonymous_7)
FN:56,(anonymous_8)
FN:64,reactive
FN:68,effect
FNF:11
FNH:10
FNDA:2,(anonymous_0)
FNDA:3,(anonymous_1)
FNDA:2,(anonymous_2)
FNDA:3,(anonymous_3)
FNDA:2,(anonymous_4)
FNDA:0,(anonymous_5)
FNDA:5,getDep
FNDA:3,(anonymous_7)
FNDA:2,(anonymous_8)
FNDA:2,reactive
FNDA:2,effect
DA:5,2
DA:8,3
DA:9,3
DA:10,3
DA:11,3
DA:18,2
DA:22,3
DA:23,2
DA:28,2
DA:29,0
DA:34,1
DA:37,5
DA:38,5
DA:39,2
DA:40,2
DA:42,5
DA:43,5
DA:44,2
DA:45,2
DA:47,5
DA:49,1
DA:52,3
DA:53,3
DA:54,3
DA:57,2
DA:59,2
DA:60,2
DA:61,2
DA:65,2
DA:69,2
DA:70,2
DA:71,2
LF:32
LH:31
BRDA:22,0,0,2
BRDA:22,0,1,1
BRDA:38,1,0,2
BRDA:38,1,1,3
BRDA:43,2,0,2
BRDA:43,2,1,3
BRF:6
BRH:6
end_of_record
